# JRE version: OpenJDK Runtime Environment AdoptOpenJDK-11.0.11+9 (11.0.11+9) (build 11.0.11+9)
# Java VM: OpenJDK 64-Bit Server VM AdoptOpenJDK-11.0.11+9 (11.0.11+9, mixed mode, tiered, compressed oops, g1 gc, bsd-amd64)
Heap:
 garbage-first heap   total 242688K, used 118818K [0x00000007c0000000, 0x0000000800000000)
  region size 1024K, 41 young (41984K), 1 survivors (1024K)
 Metaspace       used 16844K, capacity 17352K, committed 17536K, reserved 1064960K
  class space    used 2191K, capacity 2377K, committed 2432K, reserved 1048576K
GC Heap History (20 events):
Event: 285.651 GC heap before
{Heap before GC invocations=1170 (full 12):
 garbage-first heap   total 242688K, used 214042K [0x00000007c0000000, 0x0000000800000000)
  region size 1024K, 133 young (136192K), 1 survivors (1024K)
 Metaspace       used 16829K, capacity 17352K, committed 17536K, reserved 1064960K
  class space    used 2188K, capacity 2377K, committed 2432K, reserved 1048576K
}
Event: 285.652 GC heap after
{Heap after GC invocations=1171 (full 12):
 garbage-first heap   total 242688K, used 78868K [0x00000007c0000000, 0x0000000800000000)
  region size 1024K, 1 young (1024K), 1 survivors (1024K)
 Metaspace       used 16829K, capacity 17352K, committed 17536K, reserved 1064960K
  class space    used 2188K, capacity 2377K, committed 2432K, reserved 1048576K
}
Event: 285.913 GC heap before
{Heap before GC invocations=1171 (full 12):
 garbage-first heap   total 242688K, used 214036K [0x00000007c0000000, 0x0000000800000000)
  region size 1024K, 133 young (136192K), 1 survivors (1024K)
 Metaspace       used 16829K, capacity 17352K, committed 17536K, reserved 1064960K
  class space    used 2188K, capacity 2377K, committed 2432K, reserved 1048576K
}
Event: 285.913 GC heap after
{Heap after GC invocations=1172 (full 12):
 garbage-first heap   total 242688K, used 78874K [0x00000007c0000000, 0x0000000800000000)
  region size 1024K, 1 young (1024K), 1 survivors (1024K)
 Metaspace       used 16829K, capacity 17352K, committed 17536K, reserved 1064960K
  class space    used 2188K, capacity 2377K, committed 2432K, reserved 1048576K
}
Event: 286.173 GC heap before
{Heap before GC invocations=1172 (full 12):
 garbage-first heap   total 242688K, used 214042K [0x00000007c0000000, 0x0000000800000000)
  region size 1024K, 133 young (136192K), 1 survivors (1024K)
 Metaspace       used 16829K, capacity 17352K, committed 17536K, reserved 1064960K
  class space    used 2188K, capacity 2377K, committed 2432K, reserved 1048576K
}
Event: 286.173 GC heap after
{Heap after GC invocations=1173 (full 12):
 garbage-first heap   total 242688K, used 78870K [0x00000007c0000000, 0x0000000800000000)
  region size 1024K, 1 young (1024K), 1 survivors (1024K)
 Metaspace       used 16829K, capacity 17352K, committed 17536K, reserved 1064960K
  class space    used 2188K, capacity 2377K, committed 2432K, reserved 1048576K
}
Event: 286.435 GC heap before
{Heap before GC invocations=1173 (full 12):
 garbage-first heap   total 242688K, used 214038K [0x00000007c0000000, 0x0000000800000000)
  region size 1024K, 133 young (136192K), 1 survivors (1024K)
 Metaspace       used 16829K, capacity 17352K, committed 17536K, reserved 1064960K
  class space    used 2188K, capacity 2377K, committed 2432K, reserved 1048576K
}
Event: 286.435 GC heap after
{Heap after GC invocations=1174 (full 12):
 garbage-first heap   total 242688K, used 78868K [0x00000007c0000000, 0x0000000800000000)
  region size 1024K, 1 young (1024K), 1 survivors (1024K)
 Metaspace       used 16829K, capacity 17352K, committed 17536K, reserved 1064960K
  class space    used 2188K, capacity 2377K, committed 2432K, reserved 1048576K
}
Event: 286.695 GC heap before
{Heap before GC invocations=1174 (full 12):
 garbage-first heap   total 242688K, used 214036K [0x00000007c0000000, 0x0000000800000000)
  region size 1024K, 133 young (136192K), 1 survivors (1024K)
 Metaspace       used 16829K, capacity 17352K, committed 17536K, reserved 1064960K
  class space    used 2188K, capacity 2377K, committed 2432K, reserved 1048576K
}
Event: 286.695 GC heap after
{Heap after GC invocations=1175 (full 12):
 garbage-first heap   total 242688K, used 78876K [0x00000007c0000000, 0x0000000800000000)
  region size 1024K, 1 young (1024K), 1 survivors (1024K)
 Metaspace       used 16829K, capacity 17352K, committed 17536K, reserved 1064960K
  class space    used 2188K, capacity 2377K, committed 2432K, reserved 1048576K
}
Event: 287.030 GC heap before
{Heap before GC invocations=1175 (full 12):
 garbage-first heap   total 242688K, used 214044K [0x00000007c0000000, 0x0000000800000000)
  region size 1024K, 133 young (136192K), 1 survivors (1024K)
 Metaspace       used 16829K, capacity 17352K, committed 17536K, reserved 1064960K
  class space    used 2188K, capacity 2377K, committed 2432K, reserved 1048576K
}
Event: 287.030 GC heap after
{Heap after GC invocations=1176 (full 12):
 garbage-first heap   total 242688K, used 78874K [0x00000007c0000000, 0x0000000800000000)
  region size 1024K, 1 young (1024K), 1 survivors (1024K)
 Metaspace       used 16829K, capacity 17352K, committed 17536K, reserved 1064960K
  class space    used 2188K, capacity 2377K, committed 2432K, reserved 1048576K
}
Event: 287.346 GC heap before
{Heap before GC invocations=1176 (full 12):
 garbage-first heap   total 242688K, used 214042K [0x00000007c0000000, 0x0000000800000000)
  region size 1024K, 133 young (136192K), 1 survivors (1024K)
 Metaspace       used 16829K, capacity 17352K, committed 17536K, reserved 1064960K
  class space    used 2188K, capacity 2377K, committed 2432K, reserved 1048576K
}
Event: 287.346 GC heap after
{Heap after GC invocations=1177 (full 12):
 garbage-first heap   total 242688K, used 78878K [0x00000007c0000000, 0x0000000800000000)
  region size 1024K, 1 young (1024K), 1 survivors (1024K)
 Metaspace       used 16829K, capacity 17352K, committed 17536K, reserved 1064960K
  class space    used 2188K, capacity 2377K, committed 2432K, reserved 1048576K
}
Event: 287.612 GC heap before
{Heap before GC invocations=1177 (full 12):
 garbage-first heap   total 242688K, used 214046K [0x00000007c0000000, 0x0000000800000000)
  region size 1024K, 133 young (136192K), 1 survivors (1024K)
 Metaspace       used 16829K, capacity 17352K, committed 17536K, reserved 1064960K
  class space    used 2188K, capacity 2377K, committed 2432K, reserved 1048576K
}
Event: 287.612 GC heap after
{Heap after GC invocations=1178 (full 12):
 garbage-first heap   total 242688K, used 78874K [0x00000007c0000000, 0x0000000800000000)
  region size 1024K, 1 young (1024K), 1 survivors (1024K)
 Metaspace       used 16829K, capacity 17352K, committed 17536K, reserved 1064960K
  class space    used 2188K, capacity 2377K, committed 2432K, reserved 1048576K
}
Event: 287.872 GC heap before
{Heap before GC invocations=1178 (full 12):
 garbage-first heap   total 242688K, used 214042K [0x00000007c0000000, 0x0000000800000000)
  region size 1024K, 133 young (136192K), 1 survivors (1024K)
 Metaspace       used 16829K, capacity 17352K, committed 17536K, reserved 1064960K
  class space    used 2188K, capacity 2377K, committed 2432K, reserved 1048576K
}
Event: 287.873 GC heap after
{Heap after GC invocations=1179 (full 12):
 garbage-first heap   total 242688K, used 78870K [0x00000007c0000000, 0x0000000800000000)
  region size 1024K, 1 young (1024K), 1 survivors (1024K)
 Metaspace       used 16829K, capacity 17352K, committed 17536K, reserved 1064960K
  class space    used 2188K, capacity 2377K, committed 2432K, reserved 1048576K
}
Event: 288.134 GC heap before
{Heap before GC invocations=1179 (full 12):
 garbage-first heap   total 242688K, used 214038K [0x00000007c0000000, 0x0000000800000000)
  region size 1024K, 133 young (136192K), 1 survivors (1024K)
 Metaspace       used 16829K, capacity 17352K, committed 17536K, reserved 1064960K
  class space    used 2188K, capacity 2377K, committed 2432K, reserved 1048576K
}
Event: 288.135 GC heap after
{Heap after GC invocations=1180 (full 12):
 garbage-first heap   total 242688K, used 78882K [0x00000007c0000000, 0x0000000800000000)
  region size 1024K, 1 young (1024K), 1 survivors (1024K)
 Metaspace       used 16829K, capacity 17352K, committed 17536K, reserved 1064960K
  class space    used 2188K, capacity 2377K, committed 2432K, reserved 1048576K
}

